<?xml version="1.0" encoding="UTF-8"?>
<!-- Generated by org.testng.reporters.JUnitReportReporter -->
<testsuite hostname="Asus-ROG" name="carnetAdresseV3.model.ContactTest" tests="6" failures="0" timestamp="30 Mar 2017 13:00:17 GMT" time="0.069" errors="0">
  <testcase name="testEnregistrerContact" time="0.008" classname="carnetAdresseV3.model.ContactTest"/>
  <testcase name="testInfosCorrectes" time="0.004" classname="carnetAdresseV3.model.ContactTest"/>
  <testcase name="testGetMssgErreur" time="0.000" classname="carnetAdresseV3.model.ContactTest"/>
  <testcase name="testGetNom" time="0.005" classname="carnetAdresseV3.model.ContactTest"/>
  <testcase name="testEcritureFichierContact" time="0.004" classname="carnetAdresseV3.model.ContactTest"/>
  <testcase name="testLectureFichierContact" time="0.048" classname="carnetAdresseV3.model.ContactTest"/>
</testsuite> <!-- carnetAdresseV3.model.ContactTest -->
