<?xml version="1.0" encoding="UTF-8"?>
<!-- Generated by org.testng.reporters.JUnitReportReporter -->
<testsuite hostname="Asus-ROG" name="carnetAdresseV3.MainTest" tests="1" failures="0" timestamp="30 Mar 2017 13:11:53 GMT" time="1.713" errors="0">
  <testcase name="testMain" time="1.713" classname="carnetAdresseV3.MainTest"/>
</testsuite> <!-- carnetAdresseV3.MainTest -->
