<?xml version="1.0" encoding="UTF-8"?>
<!-- Generated by org.testng.reporters.JUnitReportReporter -->
<testsuite hostname="UTILISA-TI4ER30" name="carnetAdresseV3.model.ContactTest" tests="6" failures="0" timestamp="30 Mar 2017 11:07:23 GMT" time="0.088" errors="0">
  <testcase name="testEnregistrerContact" time="0.008" classname="carnetAdresseV3.model.ContactTest"/>
  <testcase name="testGetMssgErreur" time="0.000" classname="carnetAdresseV3.model.ContactTest"/>
  <testcase name="testEcritureFichierContact" time="0.004" classname="carnetAdresseV3.model.ContactTest"/>
  <testcase name="testGetNom" time="0.005" classname="carnetAdresseV3.model.ContactTest"/>
  <testcase name="testInfosCorrectes" time="0.004" classname="carnetAdresseV3.model.ContactTest"/>
  <testcase name="testLectureFichierContact" time="0.067" classname="carnetAdresseV3.model.ContactTest"/>
</testsuite> <!-- carnetAdresseV3.model.ContactTest -->
