<?xml version="1.0" encoding="UTF-8"?>
<!-- Generated by org.testng.reporters.JUnitReportReporter -->
<testsuite hostname="Asus-ROG" name="carnetAdresseV3.model.RechercheTest" tests="5" failures="0" timestamp="30 Mar 2017 12:35:11 GMT" time="0.007" errors="0">
  <testcase name="testGetListRecherche" time="0.006" classname="carnetAdresseV3.model.RechercheTest"/>
  <testcase name="testRechercheCorrecte" time="0.001" classname="carnetAdresseV3.model.RechercheTest"/>
  <testcase name="testRechercheContact" time="0.000" classname="carnetAdresseV3.model.RechercheTest"/>
  <testcase name="testGetRecherche" time="0.000" classname="carnetAdresseV3.model.RechercheTest"/>
  <testcase name="testGetMssgErreur" time="0.000" classname="carnetAdresseV3.model.RechercheTest"/>
</testsuite> <!-- carnetAdresseV3.model.RechercheTest -->
