<?xml version="1.0" encoding="UTF-8"?>
<!-- Generated by org.testng.reporters.JUnitReportReporter -->
<testsuite hostname="Asus-ROG" name="carnetAdresseV3.model.ContactTest" tests="6" failures="0" timestamp="30 Mar 2017 13:17:32 GMT" time="0.076" errors="0">
  <testcase name="testEnregistrerContact" time="0.009" classname="carnetAdresseV3.model.ContactTest"/>
  <testcase name="testInfosCorrectes" time="0.004" classname="carnetAdresseV3.model.ContactTest"/>
  <testcase name="testGetMssgErreur" time="0.000" classname="carnetAdresseV3.model.ContactTest"/>
  <testcase name="testGetNom" time="0.006" classname="carnetAdresseV3.model.ContactTest"/>
  <testcase name="testEcritureFichierContact" time="0.004" classname="carnetAdresseV3.model.ContactTest"/>
  <testcase name="testLectureFichierContact" time="0.053" classname="carnetAdresseV3.model.ContactTest"/>
</testsuite> <!-- carnetAdresseV3.model.ContactTest -->
